<?xml version="1.0" encoding="UTF-8"?>
<testng-results skipped="0" failed="0" ignored="0" total="1" passed="1">
  <reporter-output>
  </reporter-output>
  <suite name="Surefire suite" duration-ms="10938" started-at="2021-06-04T11:56:11Z" finished-at="2021-06-04T11:56:22Z">
    <groups>
    </groups>
    <test name="Surefire test" duration-ms="10938" started-at="2021-06-04T11:56:11Z" finished-at="2021-06-04T11:56:22Z">
      <class name="com.packt.tests.LogInTest">
        <test-method status="PASS" signature="logInTest()[pri:0, instance:com.packt.tests.LogInTest@6fb554cc]" name="logInTest" duration-ms="10855" started-at="2021-06-04T11:56:11Z" finished-at="2021-06-04T11:56:21Z">
          <reporter-output>
          </reporter-output>
        </test-method> <!-- logInTest -->
      </class> <!-- com.packt.tests.LogInTest -->
    </test> <!-- Surefire test -->
  </suite> <!-- Surefire suite -->
</testng-results>
